2023-05-26 20:19:35 INFO [com.example.yin.YinMusicApplication]: Starting YinMusicApplication using Java 1.8.0_40 on DESKTOP-VPRFVOU with PID 13692 (D:\newdesktop\music-website\music-server\target\classes started by admin in D:\newdesktop\music-website)
2023-05-26 20:19:35 INFO [com.example.yin.YinMusicApplication]: The following 1 profile is active: "dev"
2023-05-26 20:19:35 INFO [org.springframework.boot.devtools.env.DevToolsPropertyDefaultsPostProcessor]: Devtools property defaults active! Set 'spring.devtools.add-properties' to 'false' to disable
2023-05-26 20:19:35 INFO [org.springframework.boot.devtools.env.DevToolsPropertyDefaultsPostProcessor]: For additional web related logging consider setting the 'logging.level.web' property to 'DEBUG'
2023-05-26 20:19:36 INFO [org.springframework.data.repository.config.RepositoryConfigurationDelegate]: Multiple Spring Data modules found, entering strict repository configuration mode!
2023-05-26 20:19:36 INFO [org.springframework.data.repository.config.RepositoryConfigurationDelegate]: Bootstrapping Spring Data Redis repositories in DEFAULT mode.
2023-05-26 20:19:36 INFO [org.springframework.data.repository.config.RepositoryConfigurationDelegate]: Finished Spring Data repository scanning in 18 ms. Found 0 Redis repository interfaces.
2023-05-26 20:19:38 INFO [org.springframework.boot.web.embedded.tomcat.TomcatWebServer]: Tomcat initialized with port(s): 8888 (http)
2023-05-26 20:19:38 INFO [org.springframework.boot.web.servlet.context.ServletWebServerApplicationContext]: Root WebApplicationContext: initialization completed in 3232 ms
2023-05-26 20:19:39 INFO [org.springframework.boot.devtools.autoconfigure.OptionalLiveReloadServer]: LiveReload server is running on port 35729
2023-05-26 20:19:39 WARN [org.springframework.boot.web.servlet.context.AnnotationConfigServletWebServerApplicationContext]: Exception encountered during context initialization - cancelling refresh attempt: org.springframework.context.ApplicationContextException: Failed to start bean 'webServerStartStop'; nested exception is org.springframework.boot.web.server.PortInUseException: Port 8888 is already in use
2023-05-26 20:19:39 INFO [org.springframework.boot.autoconfigure.logging.ConditionEvaluationReportLoggingListener]: 

Error starting ApplicationContext. To display the conditions report re-run your application with 'debug' enabled.
2023-05-26 20:19:39 ERROR [org.springframework.boot.diagnostics.LoggingFailureAnalysisReporter]: 

***************************
APPLICATION FAILED TO START
***************************

Description:

Web server failed to start. Port 8888 was already in use.

Action:

Identify and stop the process that's listening on port 8888 or configure this application to listen on another port.

2023-05-26 20:20:28 INFO [com.example.yin.YinMusicApplication]: Starting YinMusicApplication using Java 1.8.0_40 on DESKTOP-VPRFVOU with PID 14860 (D:\newdesktop\music-website\music-server\target\classes started by admin in D:\newdesktop\music-website)
2023-05-26 20:20:28 INFO [com.example.yin.YinMusicApplication]: The following 1 profile is active: "dev"
2023-05-26 20:20:28 INFO [org.springframework.boot.devtools.env.DevToolsPropertyDefaultsPostProcessor]: Devtools property defaults active! Set 'spring.devtools.add-properties' to 'false' to disable
2023-05-26 20:20:28 INFO [org.springframework.boot.devtools.env.DevToolsPropertyDefaultsPostProcessor]: For additional web related logging consider setting the 'logging.level.web' property to 'DEBUG'
2023-05-26 20:20:28 INFO [org.springframework.data.repository.config.RepositoryConfigurationDelegate]: Multiple Spring Data modules found, entering strict repository configuration mode!
2023-05-26 20:20:28 INFO [org.springframework.data.repository.config.RepositoryConfigurationDelegate]: Bootstrapping Spring Data Redis repositories in DEFAULT mode.
2023-05-26 20:20:28 INFO [org.springframework.data.repository.config.RepositoryConfigurationDelegate]: Finished Spring Data repository scanning in 12 ms. Found 0 Redis repository interfaces.
2023-05-26 20:20:30 INFO [org.springframework.boot.web.embedded.tomcat.TomcatWebServer]: Tomcat initialized with port(s): 8888 (http)
2023-05-26 20:20:30 INFO [org.springframework.boot.web.servlet.context.ServletWebServerApplicationContext]: Root WebApplicationContext: initialization completed in 2697 ms
2023-05-26 20:20:31 INFO [org.springframework.boot.devtools.autoconfigure.OptionalLiveReloadServer]: LiveReload server is running on port 35729
2023-05-26 20:20:31 INFO [org.springframework.boot.web.embedded.tomcat.TomcatWebServer]: Tomcat started on port(s): 8888 (http) with context path ''
2023-05-26 20:20:31 INFO [com.example.yin.YinMusicApplication]: Started YinMusicApplication in 3.747 seconds (JVM running for 5.254)
2023-05-26 20:20:43 INFO [org.springframework.web.servlet.DispatcherServlet]: Initializing Servlet 'dispatcherServlet'
2023-05-26 20:20:43 INFO [org.springframework.web.servlet.DispatcherServlet]: Completed initialization in 1 ms
2023-05-26 20:20:43 INFO [com.zaxxer.hikari.HikariDataSource]: HikariPool-1 - Starting...
2023-05-26 20:20:43 INFO [com.zaxxer.hikari.HikariDataSource]: HikariPool-1 - Start completed.
2023-05-26 20:39:39 INFO [com.zaxxer.hikari.HikariDataSource]: HikariPool-1 - Shutdown initiated...
2023-05-26 20:39:39 INFO [com.zaxxer.hikari.HikariDataSource]: HikariPool-1 - Shutdown completed.
2023-05-26 20:39:46 INFO [com.example.yin.YinMusicApplication]: Starting YinMusicApplication using Java 1.8.0_40 on DESKTOP-VPRFVOU with PID 2176 (D:\newdesktop\music-website\music-server\target\classes started by admin in D:\newdesktop\music-website)
2023-05-26 20:39:46 INFO [com.example.yin.YinMusicApplication]: The following 1 profile is active: "dev"
2023-05-26 20:39:46 INFO [org.springframework.boot.devtools.env.DevToolsPropertyDefaultsPostProcessor]: Devtools property defaults active! Set 'spring.devtools.add-properties' to 'false' to disable
2023-05-26 20:39:46 INFO [org.springframework.boot.devtools.env.DevToolsPropertyDefaultsPostProcessor]: For additional web related logging consider setting the 'logging.level.web' property to 'DEBUG'
2023-05-26 20:39:47 INFO [org.springframework.data.repository.config.RepositoryConfigurationDelegate]: Multiple Spring Data modules found, entering strict repository configuration mode!
2023-05-26 20:39:47 INFO [org.springframework.data.repository.config.RepositoryConfigurationDelegate]: Bootstrapping Spring Data Redis repositories in DEFAULT mode.
2023-05-26 20:39:47 INFO [org.springframework.data.repository.config.RepositoryConfigurationDelegate]: Finished Spring Data repository scanning in 12 ms. Found 0 Redis repository interfaces.
2023-05-26 20:39:49 INFO [org.springframework.boot.web.embedded.tomcat.TomcatWebServer]: Tomcat initialized with port(s): 8888 (http)
2023-05-26 20:39:49 INFO [org.springframework.boot.web.servlet.context.ServletWebServerApplicationContext]: Root WebApplicationContext: initialization completed in 2952 ms
2023-05-26 20:39:50 INFO [org.springframework.boot.devtools.autoconfigure.OptionalLiveReloadServer]: LiveReload server is running on port 35729
2023-05-26 20:39:50 INFO [org.springframework.boot.web.embedded.tomcat.TomcatWebServer]: Tomcat started on port(s): 8888 (http) with context path ''
2023-05-26 20:39:50 INFO [com.example.yin.YinMusicApplication]: Started YinMusicApplication in 4.155 seconds (JVM running for 5.736)
2023-05-26 20:45:46 INFO [com.example.yin.YinMusicApplication]: Starting YinMusicApplication using Java 1.8.0_40 on DESKTOP-VPRFVOU with PID 1240 (D:\newdesktop\music-website\music-server\target\classes started by admin in D:\newdesktop\music-website)
2023-05-26 20:45:46 INFO [com.example.yin.YinMusicApplication]: The following 1 profile is active: "dev"
2023-05-26 20:45:46 INFO [org.springframework.boot.devtools.env.DevToolsPropertyDefaultsPostProcessor]: Devtools property defaults active! Set 'spring.devtools.add-properties' to 'false' to disable
2023-05-26 20:45:46 INFO [org.springframework.boot.devtools.env.DevToolsPropertyDefaultsPostProcessor]: For additional web related logging consider setting the 'logging.level.web' property to 'DEBUG'
2023-05-26 20:45:46 INFO [org.springframework.data.repository.config.RepositoryConfigurationDelegate]: Multiple Spring Data modules found, entering strict repository configuration mode!
2023-05-26 20:45:46 INFO [org.springframework.data.repository.config.RepositoryConfigurationDelegate]: Bootstrapping Spring Data Redis repositories in DEFAULT mode.
2023-05-26 20:45:46 INFO [org.springframework.data.repository.config.RepositoryConfigurationDelegate]: Finished Spring Data repository scanning in 12 ms. Found 0 Redis repository interfaces.
2023-05-26 20:45:48 INFO [org.springframework.boot.web.embedded.tomcat.TomcatWebServer]: Tomcat initialized with port(s): 8888 (http)
2023-05-26 20:45:49 INFO [org.springframework.boot.web.servlet.context.ServletWebServerApplicationContext]: Root WebApplicationContext: initialization completed in 2805 ms
2023-05-26 20:45:49 INFO [org.springframework.boot.devtools.autoconfigure.OptionalLiveReloadServer]: LiveReload server is running on port 35729
2023-05-26 20:45:49 INFO [org.springframework.boot.web.embedded.tomcat.TomcatWebServer]: Tomcat started on port(s): 8888 (http) with context path ''
2023-05-26 20:45:49 INFO [com.example.yin.YinMusicApplication]: Started YinMusicApplication in 3.88 seconds (JVM running for 5.311)
2023-05-26 20:49:30 INFO [org.springframework.web.servlet.DispatcherServlet]: Initializing Servlet 'dispatcherServlet'
2023-05-26 20:49:30 INFO [org.springframework.web.servlet.DispatcherServlet]: Completed initialization in 2 ms
2023-05-26 20:49:31 INFO [com.zaxxer.hikari.HikariDataSource]: HikariPool-1 - Starting...
2023-05-26 20:49:31 INFO [com.zaxxer.hikari.HikariDataSource]: HikariPool-1 - Start completed.
2023-05-26 20:52:04 WARN [org.springframework.web.servlet.PageNotFound]: No mapping for GET /favicon.ico
2023-05-26 21:08:14 WARN [org.springframework.web.servlet.mvc.support.DefaultHandlerExceptionResolver]: Resolved [org.springframework.web.bind.MissingServletRequestParameterException: Required request parameter 'consumerId' for method parameter type Long is present but converted to null]
2023-05-26 21:13:15 WARN [org.springframework.web.servlet.mvc.support.DefaultHandlerExceptionResolver]: Resolved [org.springframework.web.bind.MissingServletRequestParameterException: Required request parameter 'consumerId' for method parameter type Long is present but converted to null]
2023-05-26 21:18:14 WARN [org.springframework.web.servlet.mvc.support.DefaultHandlerExceptionResolver]: Resolved [org.springframework.web.bind.MissingServletRequestParameterException: Required request parameter 'consumerId' for method parameter type Long is present but converted to null]
2023-05-26 21:18:26 WARN [org.springframework.web.servlet.mvc.support.DefaultHandlerExceptionResolver]: Resolved [org.springframework.web.bind.MissingServletRequestParameterException: Required request parameter 'consumerId' for method parameter type Long is present but converted to null]
2023-05-26 21:18:32 WARN [org.springframework.web.servlet.mvc.support.DefaultHandlerExceptionResolver]: Resolved [org.springframework.web.bind.MissingServletRequestParameterException: Required request parameter 'consumerId' for method parameter type Long is present but converted to null]
2023-05-26 21:20:55 WARN [org.springframework.web.servlet.mvc.support.DefaultHandlerExceptionResolver]: Resolved [org.springframework.web.bind.MissingServletRequestParameterException: Required request parameter 'consumerId' for method parameter type Long is present but converted to null]
2023-05-26 21:22:22 INFO [com.zaxxer.hikari.HikariDataSource]: HikariPool-1 - Shutdown initiated...
2023-05-26 21:22:22 INFO [com.zaxxer.hikari.HikariDataSource]: HikariPool-1 - Shutdown completed.
2023-05-26 21:42:17 INFO [com.example.yin.YinMusicApplication]: Starting YinMusicApplication using Java 1.8.0_40 on DESKTOP-VPRFVOU with PID 6368 (D:\newdesktop\music-website\music-server\target\classes started by admin in D:\newdesktop\music-website)
2023-05-26 21:42:17 INFO [com.example.yin.YinMusicApplication]: The following 1 profile is active: "dev"
2023-05-26 21:42:17 INFO [org.springframework.boot.devtools.env.DevToolsPropertyDefaultsPostProcessor]: Devtools property defaults active! Set 'spring.devtools.add-properties' to 'false' to disable
2023-05-26 21:42:17 INFO [org.springframework.boot.devtools.env.DevToolsPropertyDefaultsPostProcessor]: For additional web related logging consider setting the 'logging.level.web' property to 'DEBUG'
2023-05-26 21:42:17 INFO [org.springframework.data.repository.config.RepositoryConfigurationDelegate]: Multiple Spring Data modules found, entering strict repository configuration mode!
2023-05-26 21:42:17 INFO [org.springframework.data.repository.config.RepositoryConfigurationDelegate]: Bootstrapping Spring Data Redis repositories in DEFAULT mode.
2023-05-26 21:42:17 INFO [org.springframework.data.repository.config.RepositoryConfigurationDelegate]: Finished Spring Data repository scanning in 13 ms. Found 0 Redis repository interfaces.
2023-05-26 21:42:20 INFO [org.springframework.boot.web.embedded.tomcat.TomcatWebServer]: Tomcat initialized with port(s): 8888 (http)
2023-05-26 21:42:20 INFO [org.springframework.boot.web.servlet.context.ServletWebServerApplicationContext]: Root WebApplicationContext: initialization completed in 2917 ms
2023-05-26 21:42:20 INFO [org.springframework.boot.devtools.autoconfigure.OptionalLiveReloadServer]: LiveReload server is running on port 35729
2023-05-26 21:42:20 INFO [org.springframework.boot.web.embedded.tomcat.TomcatWebServer]: Tomcat started on port(s): 8888 (http) with context path ''
2023-05-26 21:42:20 INFO [com.example.yin.YinMusicApplication]: Started YinMusicApplication in 4.099 seconds (JVM running for 5.573)
2023-05-26 21:42:34 INFO [org.springframework.web.servlet.DispatcherServlet]: Initializing Servlet 'dispatcherServlet'
2023-05-26 21:42:34 INFO [org.springframework.web.servlet.DispatcherServlet]: Completed initialization in 1 ms
2023-05-26 21:42:34 INFO [com.zaxxer.hikari.HikariDataSource]: HikariPool-1 - Starting...
2023-05-26 21:42:34 INFO [com.zaxxer.hikari.HikariDataSource]: HikariPool-1 - Start completed.
2023-05-26 21:47:02 INFO [com.zaxxer.hikari.HikariDataSource]: HikariPool-1 - Shutdown initiated...
2023-05-26 21:47:02 INFO [com.zaxxer.hikari.HikariDataSource]: HikariPool-1 - Shutdown completed.
